2024-07-04 16:16:15,073 INFO o.a.j.u.JMeterUtils: Setting Locale to en_EN
2024-07-04 16:16:15,080 INFO o.a.j.JMeter: Loading user properties from: user.properties
2024-07-04 16:16:15,080 INFO o.a.j.JMeter: Loading system properties from: system.properties
2024-07-04 16:16:15,084 INFO o.a.j.JMeter: Copyright (c) 1998-2024 The Apache Software Foundation
2024-07-04 16:16:15,084 INFO o.a.j.JMeter: Version 5.6.3
2024-07-04 16:16:15,084 INFO o.a.j.JMeter: java.version=1.8.0_411
2024-07-04 16:16:15,084 INFO o.a.j.JMeter: java.vm.name=Java HotSpot(TM) 64-Bit Server VM
2024-07-04 16:16:15,084 INFO o.a.j.JMeter: os.name=Windows 10
2024-07-04 16:16:15,084 INFO o.a.j.JMeter: os.arch=amd64
2024-07-04 16:16:15,084 INFO o.a.j.JMeter: os.version=10.0
2024-07-04 16:16:15,084 INFO o.a.j.JMeter: file.encoding=Cp1252
2024-07-04 16:16:15,084 INFO o.a.j.JMeter: java.awt.headless=null
2024-07-04 16:16:15,084 INFO o.a.j.JMeter: Max memory     =1073741824
2024-07-04 16:16:15,084 INFO o.a.j.JMeter: Available Processors =12
2024-07-04 16:16:15,086 INFO o.a.j.JMeter: Default Locale=English (EN)
2024-07-04 16:16:15,086 INFO o.a.j.JMeter: JMeter  Locale=English (EN)
2024-07-04 16:16:15,086 INFO o.a.j.JMeter: JMeterHome=C:\Users\muhame1\Documents\JMeter Set up\apache-jmeter-5.6.3
2024-07-04 16:16:15,086 INFO o.a.j.JMeter: user.dir  =C:\Users\muhame1\Documents\JMeter Set up\apache-jmeter-5.6.3\bin
2024-07-04 16:16:15,087 INFO o.a.j.JMeter: PWD       =C:\Users\muhame1\Documents\JMeter Set up\apache-jmeter-5.6.3\bin
2024-07-04 16:16:15,088 INFO o.a.j.JMeter: IP: 10.254.81.164 Name: HWKLP161 FullName: HWKLP161.branch.local
2024-07-04 16:16:15,098 INFO o.a.j.JMeter: Loaded icon properties from org/apache/jmeter/images/icon.properties
2024-07-04 16:16:15,209 INFO o.a.j.JMeterGuiLauncher: Setting LAF to: com.github.weisj.darklaf.DarkLaf:com.github.weisj.darklaf.theme.DarculaTheme
2024-07-08 14:49:53,633 INFO o.a.j.p.h.s.HTTPSamplerBase: Parser for text/html is org.apache.jmeter.protocol.http.parser.LagartoBasedHtmlParser
2024-07-08 14:49:53,640 INFO o.a.j.p.h.s.HTTPSamplerBase: Parser for application/xhtml+xml is org.apache.jmeter.protocol.http.parser.LagartoBasedHtmlParser
2024-07-08 14:49:53,640 INFO o.a.j.p.h.s.HTTPSamplerBase: Parser for application/xml is org.apache.jmeter.protocol.http.parser.LagartoBasedHtmlParser
2024-07-08 14:49:53,640 INFO o.a.j.p.h.s.HTTPSamplerBase: Parser for text/xml is org.apache.jmeter.protocol.http.parser.LagartoBasedHtmlParser
2024-07-08 14:49:53,640 INFO o.a.j.p.h.s.HTTPSamplerBase: Parser for text/vnd.wap.wml is org.apache.jmeter.protocol.http.parser.RegexpHTMLParser
2024-07-08 14:49:53,640 INFO o.a.j.p.h.s.HTTPSamplerBase: Parser for text/css is org.apache.jmeter.protocol.http.parser.CssParser
2024-07-08 15:08:29,608 INFO o.a.j.s.SampleResult: Note: Sample TimeStamps are START times
2024-07-08 15:08:29,608 INFO o.a.j.s.SampleResult: sampleresult.default.encoding is set to UTF-8
2024-07-08 15:08:29,608 INFO o.a.j.s.SampleResult: sampleresult.useNanoTime=true
2024-07-08 15:08:29,608 INFO o.a.j.s.SampleResult: sampleresult.nanoThreadSleep=5000
2024-07-08 15:10:11,490 INFO o.a.j.s.FileServer: Default base='C:\Users\muhame1\Documents\JMeter Set up\apache-jmeter-5.6.3\bin'
2024-07-08 15:10:11,490 INFO o.a.j.s.FileServer: Set new base='C:\Users\muhame1\Documents\JMeter Set up\apache-jmeter-5.6.3\bin'
2024-07-08 15:10:11,636 INFO o.a.j.s.SaveService: Testplan (JMX) version: 2.2. Testlog (JTL) version: 2.2
2024-07-08 15:10:11,662 INFO o.a.j.s.SaveService: Using SaveService properties file encoding UTF-8
2024-07-08 15:10:11,664 INFO o.a.j.s.SaveService: Using SaveService properties version 5.0
2024-07-08 15:10:30,801 INFO o.a.j.e.StandardJMeterEngine: Running the test!
2024-07-08 15:10:30,801 INFO o.a.j.s.SampleEvent: List of sample_variables: []
2024-07-08 15:10:30,801 INFO o.a.j.s.SampleEvent: List of sample_variables: []
2024-07-08 15:10:30,802 INFO o.a.j.e.u.CompoundVariable: Note: Function class names must contain the string: '.functions.'
2024-07-08 15:10:30,802 INFO o.a.j.e.u.CompoundVariable: Note: Function class names must not contain the string: '.gui.'
2024-07-08 15:10:31,019 INFO o.a.j.g.u.JMeterMenuBar: setRunning(true, *local*)
2024-07-08 15:10:31,546 INFO o.a.j.e.StandardJMeterEngine: Starting ThreadGroup: 1 : Thread Group
2024-07-08 15:10:31,546 INFO o.a.j.e.StandardJMeterEngine: Starting 1 threads for group Thread Group.
2024-07-08 15:10:31,546 INFO o.a.j.e.StandardJMeterEngine: Thread will continue on error
2024-07-08 15:10:31,547 INFO o.a.j.t.ThreadGroup: Starting thread group... number=1 threads=1 ramp-up=1 delayedStart=false
2024-07-08 15:10:31,550 INFO o.a.j.t.ThreadGroup: Started thread group number 1
2024-07-08 15:10:31,550 INFO o.a.j.e.StandardJMeterEngine: All thread groups have been started
2024-07-08 15:10:31,554 INFO o.a.j.t.JMeterThread: Thread started: Thread Group 1-1
2024-07-08 15:10:31,569 INFO o.a.j.p.h.s.HTTPHCAbstractImpl: Local host = HWKLP161
2024-07-08 15:10:31,574 INFO o.a.j.p.h.s.HTTPHC4Impl: HTTP request retry count = 0
2024-07-08 15:10:31,703 INFO o.a.j.p.h.s.h.LazyLayeredConnectionSocketFactory: Setting up HTTPS TrustAll Socket Factory
2024-07-08 15:10:31,708 INFO o.a.j.u.JsseSSLManager: Using default SSL protocol: TLS
2024-07-08 15:10:31,708 INFO o.a.j.u.JsseSSLManager: SSL session context: per-thread
2024-07-08 15:10:32,224 INFO o.a.j.u.SSLManager: JmeterKeyStore Location:  type JKS
2024-07-08 15:10:32,224 INFO o.a.j.u.SSLManager: KeyStore created OK
2024-07-08 15:10:32,224 WARN o.a.j.u.SSLManager: Keystore file not found, loading empty keystore
2024-07-08 15:10:32,844 INFO o.a.j.t.JMeterThread: Thread is done: Thread Group 1-1
2024-07-08 15:10:32,844 INFO o.a.j.t.JMeterThread: Thread finished: Thread Group 1-1
2024-07-08 15:10:32,845 INFO o.a.j.e.StandardJMeterEngine: Notifying test listeners of end of test
2024-07-08 15:10:32,846 INFO o.a.j.g.u.JMeterMenuBar: setRunning(false, *local*)
2024-07-08 15:13:33,065 INFO o.a.j.e.StandardJMeterEngine: Running the test!
2024-07-08 15:13:33,065 INFO o.a.j.s.SampleEvent: List of sample_variables: []
2024-07-08 15:13:33,065 INFO o.a.j.g.u.JMeterMenuBar: setRunning(true, *local*)
2024-07-08 15:13:33,154 INFO o.a.j.e.StandardJMeterEngine: Starting ThreadGroup: 1 : Thread Group
2024-07-08 15:13:33,154 INFO o.a.j.e.StandardJMeterEngine: Starting 10 threads for group Thread Group.
2024-07-08 15:13:33,154 INFO o.a.j.e.StandardJMeterEngine: Thread will continue on error
2024-07-08 15:13:33,154 INFO o.a.j.t.ThreadGroup: Starting thread group... number=1 threads=10 ramp-up=1 delayedStart=false
2024-07-08 15:13:33,159 INFO o.a.j.t.JMeterThread: Thread started: Thread Group 1-1
2024-07-08 15:13:33,163 INFO o.a.j.t.ThreadGroup: Started thread group number 1
2024-07-08 15:13:33,164 INFO o.a.j.e.StandardJMeterEngine: All thread groups have been started
2024-07-08 15:13:33,258 INFO o.a.j.t.JMeterThread: Thread started: Thread Group 1-2
2024-07-08 15:13:33,357 INFO o.a.j.t.JMeterThread: Thread started: Thread Group 1-3
2024-07-08 15:13:33,458 INFO o.a.j.t.JMeterThread: Thread started: Thread Group 1-4
2024-07-08 15:13:33,478 INFO o.a.j.t.JMeterThread: Thread is done: Thread Group 1-2
2024-07-08 15:13:33,478 INFO o.a.j.t.JMeterThread: Thread finished: Thread Group 1-2
2024-07-08 15:13:33,485 INFO o.a.j.t.JMeterThread: Thread is done: Thread Group 1-1
2024-07-08 15:13:33,485 INFO o.a.j.t.JMeterThread: Thread finished: Thread Group 1-1
2024-07-08 15:13:33,557 INFO o.a.j.t.JMeterThread: Thread started: Thread Group 1-5
2024-07-08 15:13:33,564 INFO o.a.j.t.JMeterThread: Thread is done: Thread Group 1-3
2024-07-08 15:13:33,565 INFO o.a.j.t.JMeterThread: Thread finished: Thread Group 1-3
2024-07-08 15:13:33,657 INFO o.a.j.t.JMeterThread: Thread started: Thread Group 1-6
2024-07-08 15:13:33,729 INFO o.a.j.t.JMeterThread: Thread is done: Thread Group 1-4
2024-07-08 15:13:33,729 INFO o.a.j.t.JMeterThread: Thread finished: Thread Group 1-4
2024-07-08 15:13:33,756 INFO o.a.j.t.JMeterThread: Thread started: Thread Group 1-7
2024-07-08 15:13:33,855 INFO o.a.j.t.JMeterThread: Thread started: Thread Group 1-8
2024-07-08 15:13:33,863 INFO o.a.j.t.JMeterThread: Thread is done: Thread Group 1-5
2024-07-08 15:13:33,863 INFO o.a.j.t.JMeterThread: Thread finished: Thread Group 1-5
2024-07-08 15:13:33,890 INFO o.a.j.t.JMeterThread: Thread is done: Thread Group 1-6
2024-07-08 15:13:33,891 INFO o.a.j.t.JMeterThread: Thread finished: Thread Group 1-6
2024-07-08 15:13:33,957 INFO o.a.j.t.JMeterThread: Thread started: Thread Group 1-9
2024-07-08 15:13:34,003 INFO o.a.j.t.JMeterThread: Thread is done: Thread Group 1-7
2024-07-08 15:13:34,003 INFO o.a.j.t.JMeterThread: Thread finished: Thread Group 1-7
2024-07-08 15:13:34,056 INFO o.a.j.t.JMeterThread: Thread started: Thread Group 1-10
2024-07-08 15:13:34,164 INFO o.a.j.t.JMeterThread: Thread is done: Thread Group 1-8
2024-07-08 15:13:34,164 INFO o.a.j.t.JMeterThread: Thread finished: Thread Group 1-8
2024-07-08 15:13:34,200 INFO o.a.j.t.JMeterThread: Thread is done: Thread Group 1-9
2024-07-08 15:13:34,200 INFO o.a.j.t.JMeterThread: Thread finished: Thread Group 1-9
2024-07-08 15:13:34,296 INFO o.a.j.t.JMeterThread: Thread is done: Thread Group 1-10
2024-07-08 15:13:34,296 INFO o.a.j.t.JMeterThread: Thread finished: Thread Group 1-10
2024-07-08 15:13:34,297 INFO o.a.j.e.StandardJMeterEngine: Notifying test listeners of end of test
2024-07-08 15:13:34,297 INFO o.a.j.g.u.JMeterMenuBar: setRunning(false, *local*)
2024-07-08 15:19:33,284 INFO o.a.j.e.StandardJMeterEngine: Running the test!
2024-07-08 15:19:33,284 INFO o.a.j.s.SampleEvent: List of sample_variables: []
2024-07-08 15:19:33,285 INFO o.a.j.g.u.JMeterMenuBar: setRunning(true, *local*)
2024-07-08 15:19:33,365 INFO o.a.j.e.StandardJMeterEngine: Starting ThreadGroup: 1 : Thread Group
2024-07-08 15:19:33,366 INFO o.a.j.e.StandardJMeterEngine: Starting 1 threads for group Thread Group.
2024-07-08 15:19:33,366 INFO o.a.j.e.StandardJMeterEngine: Thread will continue on error
2024-07-08 15:19:33,366 INFO o.a.j.t.ThreadGroup: Starting thread group... number=1 threads=1 ramp-up=1 delayedStart=false
2024-07-08 15:19:33,366 INFO o.a.j.t.ThreadGroup: Started thread group number 1
2024-07-08 15:19:33,366 INFO o.a.j.e.StandardJMeterEngine: All thread groups have been started
2024-07-08 15:19:33,367 INFO o.a.j.t.JMeterThread: Thread started: Thread Group 1-1
2024-07-08 15:19:33,732 INFO o.a.j.t.JMeterThread: Thread is done: Thread Group 1-1
2024-07-08 15:19:33,732 INFO o.a.j.t.JMeterThread: Thread finished: Thread Group 1-1
2024-07-08 15:19:33,732 INFO o.a.j.e.StandardJMeterEngine: Notifying test listeners of end of test
2024-07-08 15:19:33,733 INFO o.a.j.g.u.JMeterMenuBar: setRunning(false, *local*)
2024-07-08 15:23:16,469 INFO o.a.j.e.StandardJMeterEngine: Running the test!
2024-07-08 15:23:16,469 INFO o.a.j.s.SampleEvent: List of sample_variables: []
2024-07-08 15:23:16,475 INFO o.a.j.g.u.JMeterMenuBar: setRunning(true, *local*)
2024-07-08 15:23:16,533 INFO o.a.j.e.StandardJMeterEngine: Starting ThreadGroup: 1 : Thread Group
2024-07-08 15:23:16,533 INFO o.a.j.e.StandardJMeterEngine: Starting 1 threads for group Thread Group.
2024-07-08 15:23:16,533 INFO o.a.j.e.StandardJMeterEngine: Thread will continue on error
2024-07-08 15:23:16,533 INFO o.a.j.t.ThreadGroup: Starting thread group... number=1 threads=1 ramp-up=1 delayedStart=false
2024-07-08 15:23:16,534 INFO o.a.j.t.ThreadGroup: Started thread group number 1
2024-07-08 15:23:16,534 INFO o.a.j.e.StandardJMeterEngine: All thread groups have been started
2024-07-08 15:23:16,534 INFO o.a.j.t.JMeterThread: Thread started: Thread Group 1-1
2024-07-08 15:23:18,538 INFO o.a.j.t.JMeterThread: Thread is done: Thread Group 1-1
2024-07-08 15:23:18,538 INFO o.a.j.t.JMeterThread: Thread finished: Thread Group 1-1
2024-07-08 15:23:18,538 INFO o.a.j.e.StandardJMeterEngine: Notifying test listeners of end of test
2024-07-08 15:23:18,539 INFO o.a.j.g.u.JMeterMenuBar: setRunning(false, *local*)
2024-07-08 15:26:05,786 INFO o.a.j.e.StandardJMeterEngine: Running the test!
2024-07-08 15:26:05,786 INFO o.a.j.s.SampleEvent: List of sample_variables: []
2024-07-08 15:26:05,786 INFO o.a.j.g.u.JMeterMenuBar: setRunning(true, *local*)
2024-07-08 15:26:05,849 INFO o.a.j.e.StandardJMeterEngine: Starting ThreadGroup: 1 : Thread Group
2024-07-08 15:26:05,850 INFO o.a.j.e.StandardJMeterEngine: Starting 1 threads for group Thread Group.
2024-07-08 15:26:05,850 INFO o.a.j.e.StandardJMeterEngine: Thread will continue on error
2024-07-08 15:26:05,850 INFO o.a.j.t.ThreadGroup: Starting thread group... number=1 threads=1 ramp-up=1 delayedStart=false
2024-07-08 15:26:05,850 INFO o.a.j.t.ThreadGroup: Started thread group number 1
2024-07-08 15:26:05,850 INFO o.a.j.e.StandardJMeterEngine: All thread groups have been started
2024-07-08 15:26:05,850 INFO o.a.j.t.JMeterThread: Thread started: Thread Group 1-1
2024-07-08 15:26:06,499 INFO o.a.j.t.JMeterThread: Thread is done: Thread Group 1-1
2024-07-08 15:26:06,499 INFO o.a.j.t.JMeterThread: Thread finished: Thread Group 1-1
2024-07-08 15:26:06,499 INFO o.a.j.e.StandardJMeterEngine: Notifying test listeners of end of test
2024-07-08 15:26:06,499 INFO o.a.j.g.u.JMeterMenuBar: setRunning(false, *local*)
2024-07-08 15:49:52,861 INFO o.a.j.g.a.t.TemplateManager: Reading templates from: C:\Users\muhame1\Documents\JMeter Set up\apache-jmeter-5.6.3\bin\templates\templates.xml
2024-07-08 15:49:56,919 INFO o.a.j.g.a.Load: Loading file: C:\Users\muhame1\Documents\JMeter Set up\apache-jmeter-5.6.3\bin\templates\build-webservice-test-plan.jmx
2024-07-08 15:49:56,919 INFO o.a.j.s.SaveService: Loading file: C:\Users\muhame1\Documents\JMeter Set up\apache-jmeter-5.6.3\bin\templates\build-webservice-test-plan.jmx
2024-07-08 16:09:04,208 INFO o.a.j.s.FileServer: Set new base='C:\Users\muhame1\Documents\JMeter Set up\apache-jmeter-5.6.3\bin'
2024-07-08 16:11:49,611 INFO o.a.j.e.StandardJMeterEngine: Running the test!
2024-07-08 16:11:49,611 INFO o.a.j.s.SampleEvent: List of sample_variables: []
2024-07-08 16:11:49,613 INFO o.a.j.g.u.JMeterMenuBar: setRunning(true, *local*)
2024-07-08 16:11:49,738 INFO o.a.j.e.StandardJMeterEngine: Starting ThreadGroup: 1 : Number of Users
2024-07-08 16:11:49,738 INFO o.a.j.e.StandardJMeterEngine: Starting 5 threads for group Number of Users.
2024-07-08 16:11:49,738 INFO o.a.j.e.StandardJMeterEngine: Thread will continue on error
2024-07-08 16:11:49,738 INFO o.a.j.t.ThreadGroup: Starting thread group... number=1 threads=5 ramp-up=5 delayedStart=false
2024-07-08 16:11:49,739 INFO o.a.j.t.JMeterThread: Thread started: Number of Users 1-1
2024-07-08 16:11:49,740 INFO o.a.j.t.ThreadGroup: Started thread group number 1
2024-07-08 16:11:49,740 INFO o.a.j.e.StandardJMeterEngine: Starting ThreadGroup: 2 : Thread Group
2024-07-08 16:11:49,740 INFO o.a.j.e.StandardJMeterEngine: Starting 1 threads for group Thread Group.
2024-07-08 16:11:49,740 INFO o.a.j.e.StandardJMeterEngine: Thread will continue on error
2024-07-08 16:11:49,740 INFO o.a.j.t.ThreadGroup: Starting thread group... number=2 threads=1 ramp-up=1 delayedStart=false
2024-07-08 16:11:49,741 INFO o.a.j.t.ThreadGroup: Started thread group number 2
2024-07-08 16:11:49,741 INFO o.a.j.e.StandardJMeterEngine: All thread groups have been started
2024-07-08 16:11:49,741 INFO o.a.j.t.JMeterThread: Thread started: Thread Group 2-1
2024-07-08 16:11:50,124 INFO o.a.j.t.JMeterThread: Thread is done: Number of Users 1-1
2024-07-08 16:11:50,124 INFO o.a.j.t.JMeterThread: Thread finished: Number of Users 1-1
2024-07-08 16:11:50,237 INFO o.a.j.t.JMeterThread: Thread is done: Thread Group 2-1
2024-07-08 16:11:50,237 INFO o.a.j.t.JMeterThread: Thread finished: Thread Group 2-1
2024-07-08 16:11:50,738 INFO o.a.j.t.JMeterThread: Thread started: Number of Users 1-2
2024-07-08 16:11:50,741 INFO o.a.j.t.JMeterThread: Thread is done: Number of Users 1-2
2024-07-08 16:11:50,741 INFO o.a.j.t.JMeterThread: Thread finished: Number of Users 1-2
2024-07-08 16:11:51,739 INFO o.a.j.t.JMeterThread: Thread started: Number of Users 1-3
2024-07-08 16:11:51,741 INFO o.a.j.t.JMeterThread: Thread is done: Number of Users 1-3
2024-07-08 16:11:51,741 INFO o.a.j.t.JMeterThread: Thread finished: Number of Users 1-3
2024-07-08 16:11:52,739 INFO o.a.j.t.JMeterThread: Thread started: Number of Users 1-4
2024-07-08 16:11:52,743 INFO o.a.j.t.JMeterThread: Thread is done: Number of Users 1-4
2024-07-08 16:11:52,743 INFO o.a.j.t.JMeterThread: Thread finished: Number of Users 1-4
2024-07-08 16:11:53,741 INFO o.a.j.t.JMeterThread: Thread started: Number of Users 1-5
2024-07-08 16:11:53,741 INFO o.a.j.t.JMeterThread: Thread is done: Number of Users 1-5
2024-07-08 16:11:53,741 INFO o.a.j.t.JMeterThread: Thread finished: Number of Users 1-5
2024-07-08 16:11:53,741 INFO o.a.j.e.StandardJMeterEngine: Notifying test listeners of end of test
2024-07-08 16:11:53,741 INFO o.a.j.g.u.JMeterMenuBar: setRunning(false, *local*)
2024-07-08 16:16:52,310 INFO o.a.j.e.StandardJMeterEngine: Running the test!
2024-07-08 16:16:52,311 INFO o.a.j.s.SampleEvent: List of sample_variables: []
2024-07-08 16:16:52,311 INFO o.a.j.g.u.JMeterMenuBar: setRunning(true, *local*)
2024-07-08 16:16:52,403 INFO o.a.j.e.StandardJMeterEngine: Starting ThreadGroup: 1 : Number of Users
2024-07-08 16:16:52,403 INFO o.a.j.e.StandardJMeterEngine: Starting 5 threads for group Number of Users.
2024-07-08 16:16:52,403 INFO o.a.j.e.StandardJMeterEngine: Thread will continue on error
2024-07-08 16:16:52,403 INFO o.a.j.t.ThreadGroup: Starting thread group... number=1 threads=5 ramp-up=5 delayedStart=false
2024-07-08 16:16:52,404 INFO o.a.j.t.JMeterThread: Thread started: Number of Users 1-1
2024-07-08 16:16:52,404 INFO o.a.j.t.ThreadGroup: Started thread group number 1
2024-07-08 16:16:52,405 INFO o.a.j.e.StandardJMeterEngine: Starting ThreadGroup: 2 : Thread Group
2024-07-08 16:16:52,405 INFO o.a.j.e.StandardJMeterEngine: Starting 1 threads for group Thread Group.
2024-07-08 16:16:52,405 INFO o.a.j.e.StandardJMeterEngine: Thread will continue on error
2024-07-08 16:16:52,405 INFO o.a.j.t.ThreadGroup: Starting thread group... number=2 threads=1 ramp-up=1 delayedStart=false
2024-07-08 16:16:52,405 INFO o.a.j.t.ThreadGroup: Started thread group number 2
2024-07-08 16:16:52,405 INFO o.a.j.e.StandardJMeterEngine: All thread groups have been started
2024-07-08 16:16:52,406 INFO o.a.j.t.JMeterThread: Thread started: Thread Group 2-1
2024-07-08 16:16:52,621 INFO o.a.j.t.JMeterThread: Thread is done: Number of Users 1-1
2024-07-08 16:16:52,621 INFO o.a.j.t.JMeterThread: Thread finished: Number of Users 1-1
2024-07-08 16:16:53,088 INFO o.a.j.t.JMeterThread: Thread is done: Thread Group 2-1
2024-07-08 16:16:53,088 INFO o.a.j.t.JMeterThread: Thread finished: Thread Group 2-1
2024-07-08 16:16:53,403 INFO o.a.j.t.JMeterThread: Thread started: Number of Users 1-2
2024-07-08 16:16:53,405 INFO o.a.j.t.JMeterThread: Thread is done: Number of Users 1-2
2024-07-08 16:16:53,405 INFO o.a.j.t.JMeterThread: Thread finished: Number of Users 1-2
2024-07-08 16:16:54,404 INFO o.a.j.t.JMeterThread: Thread started: Number of Users 1-3
2024-07-08 16:16:54,407 INFO o.a.j.t.JMeterThread: Thread is done: Number of Users 1-3
2024-07-08 16:16:54,407 INFO o.a.j.t.JMeterThread: Thread finished: Number of Users 1-3
2024-07-08 16:16:55,403 INFO o.a.j.t.JMeterThread: Thread started: Number of Users 1-4
2024-07-08 16:16:55,405 INFO o.a.j.t.JMeterThread: Thread is done: Number of Users 1-4
2024-07-08 16:16:55,405 INFO o.a.j.t.JMeterThread: Thread finished: Number of Users 1-4
2024-07-08 16:16:56,403 INFO o.a.j.t.JMeterThread: Thread started: Number of Users 1-5
2024-07-08 16:16:56,405 INFO o.a.j.t.JMeterThread: Thread is done: Number of Users 1-5
2024-07-08 16:16:56,405 INFO o.a.j.t.JMeterThread: Thread finished: Number of Users 1-5
2024-07-08 16:16:56,405 INFO o.a.j.e.StandardJMeterEngine: Notifying test listeners of end of test
2024-07-08 16:16:56,406 INFO o.a.j.g.u.JMeterMenuBar: setRunning(false, *local*)
2024-07-08 16:22:45,884 INFO o.a.j.e.StandardJMeterEngine: Running the test!
2024-07-08 16:22:45,884 INFO o.a.j.s.SampleEvent: List of sample_variables: []
2024-07-08 16:22:45,885 INFO o.a.j.g.u.JMeterMenuBar: setRunning(true, *local*)
2024-07-08 16:22:45,891 INFO o.a.j.e.StandardJMeterEngine: Starting ThreadGroup: 1 : Number of Users
2024-07-08 16:22:45,892 INFO o.a.j.e.StandardJMeterEngine: Starting 5 threads for group Number of Users.
2024-07-08 16:22:45,892 INFO o.a.j.e.StandardJMeterEngine: Thread will continue on error
2024-07-08 16:22:45,892 INFO o.a.j.t.ThreadGroup: Starting thread group... number=1 threads=5 ramp-up=5 delayedStart=false
2024-07-08 16:22:45,893 INFO o.a.j.t.JMeterThread: Thread started: Number of Users 1-1
2024-07-08 16:22:45,893 INFO o.a.j.t.ThreadGroup: Started thread group number 1
2024-07-08 16:22:45,893 INFO o.a.j.e.StandardJMeterEngine: Starting ThreadGroup: 2 : Thread Group
2024-07-08 16:22:45,893 INFO o.a.j.e.StandardJMeterEngine: Starting 1 threads for group Thread Group.
2024-07-08 16:22:45,893 INFO o.a.j.e.StandardJMeterEngine: Thread will continue on error
2024-07-08 16:22:45,893 INFO o.a.j.t.ThreadGroup: Starting thread group... number=2 threads=1 ramp-up=1 delayedStart=false
2024-07-08 16:22:45,894 INFO o.a.j.t.ThreadGroup: Started thread group number 2
2024-07-08 16:22:45,894 INFO o.a.j.e.StandardJMeterEngine: All thread groups have been started
2024-07-08 16:22:45,894 INFO o.a.j.t.JMeterThread: Thread started: Thread Group 2-1
2024-07-08 16:22:46,115 INFO o.a.j.t.JMeterThread: Thread is done: Number of Users 1-1
2024-07-08 16:22:46,115 INFO o.a.j.t.JMeterThread: Thread finished: Number of Users 1-1
2024-07-08 16:22:46,478 INFO o.a.j.t.JMeterThread: Thread is done: Thread Group 2-1
2024-07-08 16:22:46,478 INFO o.a.j.t.JMeterThread: Thread finished: Thread Group 2-1
2024-07-08 16:22:46,904 INFO o.a.j.t.JMeterThread: Thread started: Number of Users 1-2
2024-07-08 16:22:46,905 INFO o.a.j.t.JMeterThread: Thread is done: Number of Users 1-2
2024-07-08 16:22:46,906 INFO o.a.j.t.JMeterThread: Thread finished: Number of Users 1-2
2024-07-08 16:22:47,893 INFO o.a.j.t.JMeterThread: Thread started: Number of Users 1-3
2024-07-08 16:22:47,894 INFO o.a.j.t.JMeterThread: Thread is done: Number of Users 1-3
2024-07-08 16:22:47,894 INFO o.a.j.t.JMeterThread: Thread finished: Number of Users 1-3
2024-07-08 16:22:48,893 INFO o.a.j.t.JMeterThread: Thread started: Number of Users 1-4
2024-07-08 16:22:48,894 INFO o.a.j.t.JMeterThread: Thread is done: Number of Users 1-4
2024-07-08 16:22:48,894 INFO o.a.j.t.JMeterThread: Thread finished: Number of Users 1-4
2024-07-08 16:22:49,893 INFO o.a.j.t.JMeterThread: Thread started: Number of Users 1-5
2024-07-08 16:22:49,894 INFO o.a.j.t.JMeterThread: Thread is done: Number of Users 1-5
2024-07-08 16:22:49,894 INFO o.a.j.t.JMeterThread: Thread finished: Number of Users 1-5
2024-07-08 16:22:49,894 INFO o.a.j.e.StandardJMeterEngine: Notifying test listeners of end of test
2024-07-08 16:22:49,895 INFO o.a.j.g.u.JMeterMenuBar: setRunning(false, *local*)
2024-07-08 16:25:36,859 INFO o.a.j.e.StandardJMeterEngine: Running the test!
2024-07-08 16:25:36,860 INFO o.a.j.s.SampleEvent: List of sample_variables: []
2024-07-08 16:25:36,860 INFO o.a.j.g.u.JMeterMenuBar: setRunning(true, *local*)
2024-07-08 16:25:36,938 INFO o.a.j.e.StandardJMeterEngine: Starting ThreadGroup: 1 : Thread Group
2024-07-08 16:25:36,938 INFO o.a.j.e.StandardJMeterEngine: Starting 1 threads for group Thread Group.
2024-07-08 16:25:36,938 INFO o.a.j.e.StandardJMeterEngine: Thread will continue on error
2024-07-08 16:25:36,938 INFO o.a.j.t.ThreadGroup: Starting thread group... number=1 threads=1 ramp-up=1 delayedStart=false
2024-07-08 16:25:36,938 INFO o.a.j.t.ThreadGroup: Started thread group number 1
2024-07-08 16:25:36,938 INFO o.a.j.e.StandardJMeterEngine: All thread groups have been started
2024-07-08 16:25:36,939 INFO o.a.j.t.JMeterThread: Thread started: Thread Group 1-1
2024-07-08 16:25:37,451 INFO o.a.j.t.JMeterThread: Thread is done: Thread Group 1-1
2024-07-08 16:25:37,451 INFO o.a.j.t.JMeterThread: Thread finished: Thread Group 1-1
2024-07-08 16:25:37,452 INFO o.a.j.e.StandardJMeterEngine: Notifying test listeners of end of test
2024-07-08 16:25:37,452 INFO o.a.j.g.u.JMeterMenuBar: setRunning(false, *local*)
2024-07-08 16:29:10,206 INFO o.a.j.e.StandardJMeterEngine: Running the test!
2024-07-08 16:29:10,207 INFO o.a.j.s.SampleEvent: List of sample_variables: []
2024-07-08 16:29:10,207 INFO o.a.j.g.u.JMeterMenuBar: setRunning(true, *local*)
2024-07-08 16:29:10,314 INFO o.a.j.e.StandardJMeterEngine: Starting ThreadGroup: 1 : Thread Group
2024-07-08 16:29:10,315 INFO o.a.j.e.StandardJMeterEngine: Starting 1 threads for group Thread Group.
2024-07-08 16:29:10,315 INFO o.a.j.e.StandardJMeterEngine: Thread will continue on error
2024-07-08 16:29:10,315 INFO o.a.j.t.ThreadGroup: Starting thread group... number=1 threads=1 ramp-up=1 delayedStart=false
2024-07-08 16:29:10,315 INFO o.a.j.t.ThreadGroup: Started thread group number 1
2024-07-08 16:29:10,315 INFO o.a.j.e.StandardJMeterEngine: All thread groups have been started
2024-07-08 16:29:10,316 INFO o.a.j.t.JMeterThread: Thread started: Thread Group 1-1
2024-07-08 16:29:10,816 INFO o.a.j.t.JMeterThread: Thread is done: Thread Group 1-1
2024-07-08 16:29:10,816 INFO o.a.j.t.JMeterThread: Thread finished: Thread Group 1-1
2024-07-08 16:29:10,816 INFO o.a.j.e.StandardJMeterEngine: Notifying test listeners of end of test
2024-07-08 16:29:10,817 INFO o.a.j.g.u.JMeterMenuBar: setRunning(false, *local*)
2024-07-08 16:29:30,269 INFO o.a.j.e.StandardJMeterEngine: Running the test!
2024-07-08 16:29:30,269 INFO o.a.j.s.SampleEvent: List of sample_variables: []
2024-07-08 16:29:30,269 INFO o.a.j.g.u.JMeterMenuBar: setRunning(true, *local*)
2024-07-08 16:29:30,337 INFO o.a.j.e.StandardJMeterEngine: Starting ThreadGroup: 1 : Thread Group
2024-07-08 16:29:30,337 INFO o.a.j.e.StandardJMeterEngine: Starting 1 threads for group Thread Group.
2024-07-08 16:29:30,337 INFO o.a.j.e.StandardJMeterEngine: Thread will continue on error
2024-07-08 16:29:30,337 INFO o.a.j.t.ThreadGroup: Starting thread group... number=1 threads=1 ramp-up=1 delayedStart=false
2024-07-08 16:29:30,338 INFO o.a.j.t.ThreadGroup: Started thread group number 1
2024-07-08 16:29:30,338 INFO o.a.j.e.StandardJMeterEngine: All thread groups have been started
2024-07-08 16:29:30,338 INFO o.a.j.t.JMeterThread: Thread started: Thread Group 1-1
2024-07-08 16:29:30,987 INFO o.a.j.t.JMeterThread: Thread is done: Thread Group 1-1
2024-07-08 16:29:30,987 INFO o.a.j.t.JMeterThread: Thread finished: Thread Group 1-1
2024-07-08 16:29:30,988 INFO o.a.j.e.StandardJMeterEngine: Notifying test listeners of end of test
2024-07-08 16:29:30,988 INFO o.a.j.g.u.JMeterMenuBar: setRunning(false, *local*)
2024-07-08 16:30:06,592 INFO o.a.j.e.StandardJMeterEngine: Running the test!
2024-07-08 16:30:06,592 INFO o.a.j.s.SampleEvent: List of sample_variables: []
2024-07-08 16:30:06,593 INFO o.a.j.g.u.JMeterMenuBar: setRunning(true, *local*)
2024-07-08 16:30:06,658 INFO o.a.j.e.StandardJMeterEngine: Starting ThreadGroup: 1 : Thread Group
2024-07-08 16:30:06,658 INFO o.a.j.e.StandardJMeterEngine: Starting 1 threads for group Thread Group.
2024-07-08 16:30:06,658 INFO o.a.j.e.StandardJMeterEngine: Thread will continue on error
2024-07-08 16:30:06,658 INFO o.a.j.t.ThreadGroup: Starting thread group... number=1 threads=1 ramp-up=1 delayedStart=false
2024-07-08 16:30:06,658 INFO o.a.j.t.ThreadGroup: Started thread group number 1
2024-07-08 16:30:06,658 INFO o.a.j.e.StandardJMeterEngine: All thread groups have been started
2024-07-08 16:30:06,658 INFO o.a.j.t.JMeterThread: Thread started: Thread Group 1-1
2024-07-08 16:30:07,392 INFO o.a.j.t.JMeterThread: Thread is done: Thread Group 1-1
2024-07-08 16:30:07,392 INFO o.a.j.t.JMeterThread: Thread finished: Thread Group 1-1
2024-07-08 16:30:07,393 INFO o.a.j.e.StandardJMeterEngine: Notifying test listeners of end of test
2024-07-08 16:30:07,393 INFO o.a.j.g.u.JMeterMenuBar: setRunning(false, *local*)
2024-07-08 16:30:53,231 INFO o.a.j.e.StandardJMeterEngine: Running the test!
2024-07-08 16:30:53,231 INFO o.a.j.s.SampleEvent: List of sample_variables: []
2024-07-08 16:30:53,231 INFO o.a.j.g.u.JMeterMenuBar: setRunning(true, *local*)
2024-07-08 16:30:53,236 INFO o.a.j.e.StandardJMeterEngine: Starting ThreadGroup: 1 : Thread Group
2024-07-08 16:30:53,236 INFO o.a.j.e.StandardJMeterEngine: Starting 10 threads for group Thread Group.
2024-07-08 16:30:53,236 INFO o.a.j.e.StandardJMeterEngine: Thread will continue on error
2024-07-08 16:30:53,236 INFO o.a.j.t.ThreadGroup: Starting thread group... number=1 threads=10 ramp-up=1 delayedStart=false
2024-07-08 16:30:53,237 INFO o.a.j.t.JMeterThread: Thread started: Thread Group 1-1
2024-07-08 16:30:53,238 INFO o.a.j.t.ThreadGroup: Started thread group number 1
2024-07-08 16:30:53,238 INFO o.a.j.e.StandardJMeterEngine: All thread groups have been started
2024-07-08 16:30:53,351 INFO o.a.j.t.JMeterThread: Thread started: Thread Group 1-2
2024-07-08 16:30:53,445 INFO o.a.j.t.JMeterThread: Thread started: Thread Group 1-3
2024-07-08 16:30:53,536 INFO o.a.j.t.JMeterThread: Thread started: Thread Group 1-4
2024-07-08 16:30:53,637 INFO o.a.j.t.JMeterThread: Thread started: Thread Group 1-5
2024-07-08 16:30:53,736 INFO o.a.j.t.JMeterThread: Thread started: Thread Group 1-6
2024-07-08 16:30:53,765 INFO o.a.j.t.JMeterThread: Thread is done: Thread Group 1-1
2024-07-08 16:30:53,765 INFO o.a.j.t.JMeterThread: Thread finished: Thread Group 1-1
2024-07-08 16:30:53,837 INFO o.a.j.t.JMeterThread: Thread started: Thread Group 1-7
2024-07-08 16:30:53,874 INFO o.a.j.t.JMeterThread: Thread is done: Thread Group 1-2
2024-07-08 16:30:53,874 INFO o.a.j.t.JMeterThread: Thread finished: Thread Group 1-2
2024-07-08 16:30:53,936 INFO o.a.j.t.JMeterThread: Thread started: Thread Group 1-8
2024-07-08 16:30:53,954 INFO o.a.j.t.JMeterThread: Thread is done: Thread Group 1-3
2024-07-08 16:30:53,954 INFO o.a.j.t.JMeterThread: Thread finished: Thread Group 1-3
2024-07-08 16:30:54,038 INFO o.a.j.t.JMeterThread: Thread started: Thread Group 1-9
2024-07-08 16:30:54,046 INFO o.a.j.t.JMeterThread: Thread is done: Thread Group 1-4
2024-07-08 16:30:54,046 INFO o.a.j.t.JMeterThread: Thread finished: Thread Group 1-4
2024-07-08 16:30:54,137 INFO o.a.j.t.JMeterThread: Thread started: Thread Group 1-10
2024-07-08 16:30:54,181 INFO o.a.j.t.JMeterThread: Thread is done: Thread Group 1-5
2024-07-08 16:30:54,181 INFO o.a.j.t.JMeterThread: Thread finished: Thread Group 1-5
2024-07-08 16:30:54,181 INFO o.a.j.t.JMeterThread: Thread is done: Thread Group 1-6
2024-07-08 16:30:54,182 INFO o.a.j.t.JMeterThread: Thread finished: Thread Group 1-6
2024-07-08 16:30:54,335 INFO o.a.j.t.JMeterThread: Thread is done: Thread Group 1-7
2024-07-08 16:30:54,336 INFO o.a.j.t.JMeterThread: Thread finished: Thread Group 1-7
2024-07-08 16:30:54,444 INFO o.a.j.t.JMeterThread: Thread is done: Thread Group 1-8
2024-07-08 16:30:54,444 INFO o.a.j.t.JMeterThread: Thread finished: Thread Group 1-8
2024-07-08 16:30:54,491 INFO o.a.j.t.JMeterThread: Thread is done: Thread Group 1-9
2024-07-08 16:30:54,491 INFO o.a.j.t.JMeterThread: Thread finished: Thread Group 1-9
2024-07-08 16:30:54,591 INFO o.a.j.t.JMeterThread: Thread is done: Thread Group 1-10
2024-07-08 16:30:54,591 INFO o.a.j.t.JMeterThread: Thread finished: Thread Group 1-10
2024-07-08 16:30:54,592 INFO o.a.j.e.StandardJMeterEngine: Notifying test listeners of end of test
2024-07-08 16:30:54,592 INFO o.a.j.g.u.JMeterMenuBar: setRunning(false, *local*)
2024-07-08 16:42:50,235 INFO o.a.j.e.StandardJMeterEngine: Running the test!
2024-07-08 16:42:50,235 INFO o.a.j.s.SampleEvent: List of sample_variables: []
2024-07-08 16:42:50,235 INFO o.a.j.g.u.JMeterMenuBar: setRunning(true, *local*)
2024-07-08 16:42:50,319 INFO o.a.j.e.StandardJMeterEngine: Starting ThreadGroup: 1 : Thread Group
2024-07-08 16:42:50,319 INFO o.a.j.e.StandardJMeterEngine: Starting 1 threads for group Thread Group.
2024-07-08 16:42:50,319 INFO o.a.j.e.StandardJMeterEngine: Thread will continue on error
2024-07-08 16:42:50,319 INFO o.a.j.t.ThreadGroup: Starting thread group... number=1 threads=1 ramp-up=1 delayedStart=false
2024-07-08 16:42:50,319 INFO o.a.j.t.ThreadGroup: Started thread group number 1
2024-07-08 16:42:50,319 INFO o.a.j.e.StandardJMeterEngine: All thread groups have been started
2024-07-08 16:42:50,319 INFO o.a.j.t.JMeterThread: Thread started: Thread Group 1-1
2024-07-08 16:42:50,983 INFO o.a.j.t.JMeterThread: Thread is done: Thread Group 1-1
2024-07-08 16:42:50,983 INFO o.a.j.t.JMeterThread: Thread finished: Thread Group 1-1
2024-07-08 16:42:50,989 INFO o.a.j.e.StandardJMeterEngine: Notifying test listeners of end of test
2024-07-08 16:42:50,989 INFO o.a.j.g.u.JMeterMenuBar: setRunning(false, *local*)
2024-07-08 16:42:54,895 INFO o.a.j.e.StandardJMeterEngine: Running the test!
2024-07-08 16:42:54,895 INFO o.a.j.s.SampleEvent: List of sample_variables: []
2024-07-08 16:42:54,895 INFO o.a.j.g.u.JMeterMenuBar: setRunning(true, *local*)
2024-07-08 16:42:54,958 INFO o.a.j.e.StandardJMeterEngine: Starting ThreadGroup: 1 : Thread Group
2024-07-08 16:42:54,958 INFO o.a.j.e.StandardJMeterEngine: Starting 1 threads for group Thread Group.
2024-07-08 16:42:54,958 INFO o.a.j.e.StandardJMeterEngine: Thread will continue on error
2024-07-08 16:42:54,958 INFO o.a.j.t.ThreadGroup: Starting thread group... number=1 threads=1 ramp-up=1 delayedStart=false
2024-07-08 16:42:54,958 INFO o.a.j.t.ThreadGroup: Started thread group number 1
2024-07-08 16:42:54,958 INFO o.a.j.e.StandardJMeterEngine: All thread groups have been started
2024-07-08 16:42:54,958 INFO o.a.j.t.JMeterThread: Thread started: Thread Group 1-1
2024-07-08 16:42:55,496 INFO o.a.j.t.JMeterThread: Thread is done: Thread Group 1-1
2024-07-08 16:42:55,496 INFO o.a.j.t.JMeterThread: Thread finished: Thread Group 1-1
2024-07-08 16:42:55,496 INFO o.a.j.e.StandardJMeterEngine: Notifying test listeners of end of test
2024-07-08 16:42:55,496 INFO o.a.j.g.u.JMeterMenuBar: setRunning(false, *local*)
2024-07-08 17:37:22,848 INFO o.a.j.s.FileServer: Set new base='C:\Users\muhame1\Documents\JMeter Set up\apache-jmeter-5.6.3\bin'
2024-07-08 17:37:31,840 INFO o.a.j.e.StandardJMeterEngine: Running the test!
2024-07-08 17:37:31,841 INFO o.a.j.s.SampleEvent: List of sample_variables: []
2024-07-08 17:37:31,841 INFO o.a.j.g.u.JMeterMenuBar: setRunning(true, *local*)
2024-07-08 17:37:31,956 INFO o.a.j.e.StandardJMeterEngine: Starting ThreadGroup: 1 : Thread Group
2024-07-08 17:37:31,956 INFO o.a.j.e.StandardJMeterEngine: Starting 1 threads for group Thread Group.
2024-07-08 17:37:31,956 INFO o.a.j.e.StandardJMeterEngine: Thread will continue on error
2024-07-08 17:37:31,956 INFO o.a.j.t.ThreadGroup: Starting thread group... number=1 threads=1 ramp-up=1 delayedStart=false
2024-07-08 17:37:31,956 INFO o.a.j.t.ThreadGroup: Started thread group number 1
2024-07-08 17:37:31,956 INFO o.a.j.e.StandardJMeterEngine: All thread groups have been started
2024-07-08 17:37:31,956 INFO o.a.j.t.JMeterThread: Thread started: Thread Group 1-1
2024-07-08 17:37:32,110 INFO o.a.j.t.JMeterThread: Thread is done: Thread Group 1-1
2024-07-08 17:37:32,110 INFO o.a.j.t.JMeterThread: Thread finished: Thread Group 1-1
2024-07-08 17:37:32,110 INFO o.a.j.e.StandardJMeterEngine: Notifying test listeners of end of test
2024-07-08 17:37:32,110 INFO o.a.j.g.u.JMeterMenuBar: setRunning(false, *local*)
2024-07-09 09:24:10,784 INFO o.a.j.e.StandardJMeterEngine: Running the test!
2024-07-09 09:24:10,785 INFO o.a.j.s.SampleEvent: List of sample_variables: []
2024-07-09 09:24:10,786 INFO o.a.j.g.u.JMeterMenuBar: setRunning(true, *local*)
2024-07-09 09:24:10,938 INFO o.a.j.e.StandardJMeterEngine: Starting ThreadGroup: 1 : Thread Group
2024-07-09 09:24:10,938 INFO o.a.j.e.StandardJMeterEngine: Starting 1 threads for group Thread Group.
2024-07-09 09:24:10,938 INFO o.a.j.e.StandardJMeterEngine: Thread will continue on error
2024-07-09 09:24:10,938 INFO o.a.j.t.ThreadGroup: Starting thread group... number=1 threads=1 ramp-up=1 delayedStart=false
2024-07-09 09:24:10,938 INFO o.a.j.t.ThreadGroup: Started thread group number 1
2024-07-09 09:24:10,938 INFO o.a.j.e.StandardJMeterEngine: All thread groups have been started
2024-07-09 09:24:10,939 INFO o.a.j.t.JMeterThread: Thread started: Thread Group 1-1
2024-07-09 09:24:11,108 INFO o.a.j.t.JMeterThread: Thread is done: Thread Group 1-1
2024-07-09 09:24:11,108 INFO o.a.j.t.JMeterThread: Thread finished: Thread Group 1-1
2024-07-09 09:24:11,108 INFO o.a.j.e.StandardJMeterEngine: Notifying test listeners of end of test
2024-07-09 09:24:11,108 INFO o.a.j.g.u.JMeterMenuBar: setRunning(false, *local*)
2024-07-09 16:00:35,901 INFO o.a.j.e.StandardJMeterEngine: Running the test!
2024-07-09 16:00:35,917 INFO o.a.j.s.SampleEvent: List of sample_variables: []
2024-07-09 16:00:35,917 INFO o.a.j.g.u.JMeterMenuBar: setRunning(true, *local*)
2024-07-09 16:00:36,735 INFO o.a.j.e.StandardJMeterEngine: Starting ThreadGroup: 1 : Thread Group
2024-07-09 16:00:36,735 INFO o.a.j.e.StandardJMeterEngine: Starting 1 threads for group Thread Group.
2024-07-09 16:00:36,735 INFO o.a.j.e.StandardJMeterEngine: Thread will continue on error
2024-07-09 16:00:36,735 INFO o.a.j.t.ThreadGroup: Starting thread group... number=1 threads=1 ramp-up=1 delayedStart=false
2024-07-09 16:00:36,735 INFO o.a.j.t.ThreadGroup: Started thread group number 1
2024-07-09 16:00:36,735 INFO o.a.j.e.StandardJMeterEngine: All thread groups have been started
2024-07-09 16:00:36,735 INFO o.a.j.t.JMeterThread: Thread started: Thread Group 1-1
2024-07-09 16:00:37,273 INFO o.a.j.t.JMeterThread: Thread is done: Thread Group 1-1
2024-07-09 16:00:37,273 INFO o.a.j.t.JMeterThread: Thread finished: Thread Group 1-1
2024-07-09 16:00:37,273 INFO o.a.j.e.StandardJMeterEngine: Notifying test listeners of end of test
2024-07-09 16:00:37,273 INFO o.a.j.g.u.JMeterMenuBar: setRunning(false, *local*)
2024-07-09 16:03:10,035 INFO o.a.j.e.StandardJMeterEngine: Running the test!
2024-07-09 16:03:10,035 INFO o.a.j.s.SampleEvent: List of sample_variables: []
2024-07-09 16:03:10,035 INFO o.a.j.g.u.JMeterMenuBar: setRunning(true, *local*)
2024-07-09 16:03:10,051 INFO o.a.j.e.StandardJMeterEngine: Starting ThreadGroup: 1 : Thread Group
2024-07-09 16:03:10,051 INFO o.a.j.e.StandardJMeterEngine: Starting 1 threads for group Thread Group.
2024-07-09 16:03:10,051 INFO o.a.j.e.StandardJMeterEngine: Thread will continue on error
2024-07-09 16:03:10,051 INFO o.a.j.t.ThreadGroup: Starting thread group... number=1 threads=1 ramp-up=1 delayedStart=false
2024-07-09 16:03:10,051 INFO o.a.j.t.ThreadGroup: Started thread group number 1
2024-07-09 16:03:10,057 INFO o.a.j.e.StandardJMeterEngine: All thread groups have been started
2024-07-09 16:03:10,057 INFO o.a.j.t.JMeterThread: Thread started: Thread Group 1-1
2024-07-09 16:03:10,573 INFO o.a.j.t.JMeterThread: Thread is done: Thread Group 1-1
2024-07-09 16:03:10,573 INFO o.a.j.t.JMeterThread: Thread finished: Thread Group 1-1
2024-07-09 16:03:10,573 INFO o.a.j.e.StandardJMeterEngine: Notifying test listeners of end of test
2024-07-09 16:03:10,573 INFO o.a.j.g.u.JMeterMenuBar: setRunning(false, *local*)
2024-07-09 16:05:12,415 INFO o.a.j.e.StandardJMeterEngine: Running the test!
2024-07-09 16:05:12,416 INFO o.a.j.s.SampleEvent: List of sample_variables: []
2024-07-09 16:05:12,416 INFO o.a.j.g.u.JMeterMenuBar: setRunning(true, *local*)
2024-07-09 16:05:12,505 INFO o.a.j.e.StandardJMeterEngine: Starting ThreadGroup: 1 : Thread Group
2024-07-09 16:05:12,505 INFO o.a.j.e.StandardJMeterEngine: Starting 1 threads for group Thread Group.
2024-07-09 16:05:12,505 INFO o.a.j.e.StandardJMeterEngine: Thread will continue on error
2024-07-09 16:05:12,505 INFO o.a.j.t.ThreadGroup: Starting thread group... number=1 threads=1 ramp-up=1 delayedStart=false
2024-07-09 16:05:12,505 INFO o.a.j.t.ThreadGroup: Started thread group number 1
2024-07-09 16:05:12,505 INFO o.a.j.e.StandardJMeterEngine: All thread groups have been started
2024-07-09 16:05:12,505 INFO o.a.j.t.JMeterThread: Thread started: Thread Group 1-1
2024-07-09 16:05:13,056 INFO o.a.j.t.JMeterThread: Thread is done: Thread Group 1-1
2024-07-09 16:05:13,056 INFO o.a.j.t.JMeterThread: Thread finished: Thread Group 1-1
2024-07-09 16:05:13,056 INFO o.a.j.e.StandardJMeterEngine: Notifying test listeners of end of test
2024-07-09 16:05:13,057 INFO o.a.j.g.u.JMeterMenuBar: setRunning(false, *local*)
2024-07-09 16:06:36,110 INFO o.a.j.e.StandardJMeterEngine: Running the test!
2024-07-09 16:06:36,110 INFO o.a.j.s.SampleEvent: List of sample_variables: []
2024-07-09 16:06:36,110 INFO o.a.j.g.u.JMeterMenuBar: setRunning(true, *local*)
2024-07-09 16:06:36,183 INFO o.a.j.e.StandardJMeterEngine: Starting ThreadGroup: 1 : Thread Group
2024-07-09 16:06:36,183 INFO o.a.j.e.StandardJMeterEngine: Starting 10 threads for group Thread Group.
2024-07-09 16:06:36,183 INFO o.a.j.e.StandardJMeterEngine: Thread will continue on error
2024-07-09 16:06:36,183 INFO o.a.j.t.ThreadGroup: Starting thread group... number=1 threads=10 ramp-up=1 delayedStart=false
2024-07-09 16:06:36,184 INFO o.a.j.t.JMeterThread: Thread started: Thread Group 1-1
2024-07-09 16:06:36,185 INFO o.a.j.t.ThreadGroup: Started thread group number 1
2024-07-09 16:06:36,185 INFO o.a.j.e.StandardJMeterEngine: All thread groups have been started
2024-07-09 16:06:36,288 INFO o.a.j.t.JMeterThread: Thread started: Thread Group 1-2
2024-07-09 16:06:36,397 INFO o.a.j.t.JMeterThread: Thread started: Thread Group 1-3
2024-07-09 16:06:36,484 INFO o.a.j.t.JMeterThread: Thread started: Thread Group 1-4
2024-07-09 16:06:36,584 INFO o.a.j.t.JMeterThread: Thread started: Thread Group 1-5
2024-07-09 16:06:36,685 INFO o.a.j.t.JMeterThread: Thread started: Thread Group 1-6
2024-07-09 16:06:36,785 INFO o.a.j.t.JMeterThread: Thread started: Thread Group 1-7
2024-07-09 16:06:36,794 INFO o.a.j.t.JMeterThread: Thread is done: Thread Group 1-1
2024-07-09 16:06:36,794 INFO o.a.j.t.JMeterThread: Thread is done: Thread Group 1-2
2024-07-09 16:06:36,794 INFO o.a.j.t.JMeterThread: Thread finished: Thread Group 1-1
2024-07-09 16:06:36,794 INFO o.a.j.t.JMeterThread: Thread finished: Thread Group 1-2
2024-07-09 16:06:36,884 INFO o.a.j.t.JMeterThread: Thread started: Thread Group 1-8
2024-07-09 16:06:36,893 INFO o.a.j.t.JMeterThread: Thread is done: Thread Group 1-3
2024-07-09 16:06:36,893 INFO o.a.j.t.JMeterThread: Thread finished: Thread Group 1-3
2024-07-09 16:06:36,946 INFO o.a.j.t.JMeterThread: Thread is done: Thread Group 1-4
2024-07-09 16:06:36,946 INFO o.a.j.t.JMeterThread: Thread finished: Thread Group 1-4
2024-07-09 16:06:36,984 INFO o.a.j.t.JMeterThread: Thread started: Thread Group 1-9
2024-07-09 16:06:37,084 INFO o.a.j.t.JMeterThread: Thread started: Thread Group 1-10
2024-07-09 16:06:37,089 INFO o.a.j.t.JMeterThread: Thread is done: Thread Group 1-5
2024-07-09 16:06:37,090 INFO o.a.j.t.JMeterThread: Thread finished: Thread Group 1-5
2024-07-09 16:06:37,228 INFO o.a.j.t.JMeterThread: Thread is done: Thread Group 1-6
2024-07-09 16:06:37,228 INFO o.a.j.t.JMeterThread: Thread finished: Thread Group 1-6
2024-07-09 16:06:37,295 INFO o.a.j.t.JMeterThread: Thread is done: Thread Group 1-7
2024-07-09 16:06:37,295 INFO o.a.j.t.JMeterThread: Thread finished: Thread Group 1-7
2024-07-09 16:06:37,454 INFO o.a.j.t.JMeterThread: Thread is done: Thread Group 1-9
2024-07-09 16:06:37,454 INFO o.a.j.t.JMeterThread: Thread is done: Thread Group 1-8
2024-07-09 16:06:37,454 INFO o.a.j.t.JMeterThread: Thread finished: Thread Group 1-9
2024-07-09 16:06:37,454 INFO o.a.j.t.JMeterThread: Thread finished: Thread Group 1-8
2024-07-09 16:06:37,543 INFO o.a.j.t.JMeterThread: Thread is done: Thread Group 1-10
2024-07-09 16:06:37,543 INFO o.a.j.t.JMeterThread: Thread finished: Thread Group 1-10
2024-07-09 16:06:37,544 INFO o.a.j.e.StandardJMeterEngine: Notifying test listeners of end of test
2024-07-09 16:06:37,544 INFO o.a.j.g.u.JMeterMenuBar: setRunning(false, *local*)
2024-07-09 16:13:05,567 INFO o.a.j.e.StandardJMeterEngine: Running the test!
2024-07-09 16:13:05,567 INFO o.a.j.s.SampleEvent: List of sample_variables: []
2024-07-09 16:13:05,567 INFO o.a.j.g.u.JMeterMenuBar: setRunning(true, *local*)
2024-07-09 16:13:05,651 INFO o.a.j.e.StandardJMeterEngine: Starting ThreadGroup: 1 : Thread Group
2024-07-09 16:13:05,651 INFO o.a.j.e.StandardJMeterEngine: Starting 10 threads for group Thread Group.
2024-07-09 16:13:05,651 INFO o.a.j.e.StandardJMeterEngine: Thread will continue on error
2024-07-09 16:13:05,651 INFO o.a.j.t.ThreadGroup: Starting thread group... number=1 threads=10 ramp-up=1 delayedStart=false
2024-07-09 16:13:05,652 INFO o.a.j.t.ThreadGroup: Started thread group number 1
2024-07-09 16:13:05,652 INFO o.a.j.t.JMeterThread: Thread started: Thread Group 1-1
2024-07-09 16:13:05,652 INFO o.a.j.e.StandardJMeterEngine: All thread groups have been started
2024-07-09 16:13:05,752 INFO o.a.j.t.JMeterThread: Thread started: Thread Group 1-2
2024-07-09 16:13:05,852 INFO o.a.j.t.JMeterThread: Thread started: Thread Group 1-3
2024-07-09 16:13:05,951 INFO o.a.j.t.JMeterThread: Thread started: Thread Group 1-4
2024-07-09 16:13:06,051 INFO o.a.j.t.JMeterThread: Thread started: Thread Group 1-5
2024-07-09 16:13:06,152 INFO o.a.j.t.JMeterThread: Thread started: Thread Group 1-6
2024-07-09 16:13:06,196 INFO o.a.j.t.JMeterThread: Thread is done: Thread Group 1-1
2024-07-09 16:13:06,197 INFO o.a.j.t.JMeterThread: Thread finished: Thread Group 1-1
2024-07-09 16:13:06,242 INFO o.a.j.t.JMeterThread: Thread is done: Thread Group 1-2
2024-07-09 16:13:06,242 INFO o.a.j.t.JMeterThread: Thread finished: Thread Group 1-2
2024-07-09 16:13:06,252 INFO o.a.j.t.JMeterThread: Thread started: Thread Group 1-7
2024-07-09 16:13:06,312 INFO o.a.j.t.JMeterThread: Thread is done: Thread Group 1-3
2024-07-09 16:13:06,312 INFO o.a.j.t.JMeterThread: Thread finished: Thread Group 1-3
2024-07-09 16:13:06,352 INFO o.a.j.t.JMeterThread: Thread started: Thread Group 1-8
2024-07-09 16:13:06,383 INFO o.a.j.t.JMeterThread: Thread is done: Thread Group 1-4
2024-07-09 16:13:06,383 INFO o.a.j.t.JMeterThread: Thread finished: Thread Group 1-4
2024-07-09 16:13:06,452 INFO o.a.j.t.JMeterThread: Thread started: Thread Group 1-9
2024-07-09 16:13:06,506 INFO o.a.j.t.JMeterThread: Thread is done: Thread Group 1-5
2024-07-09 16:13:06,507 INFO o.a.j.t.JMeterThread: Thread finished: Thread Group 1-5
2024-07-09 16:13:06,552 INFO o.a.j.t.JMeterThread: Thread started: Thread Group 1-10
2024-07-09 16:13:06,725 INFO o.a.j.t.JMeterThread: Thread is done: Thread Group 1-6
2024-07-09 16:13:06,725 INFO o.a.j.t.JMeterThread: Thread finished: Thread Group 1-6
2024-07-09 16:13:07,090 INFO o.a.j.t.JMeterThread: Thread is done: Thread Group 1-8
2024-07-09 16:13:07,090 INFO o.a.j.t.JMeterThread: Thread finished: Thread Group 1-8
2024-07-09 16:13:07,170 INFO o.a.j.t.JMeterThread: Thread is done: Thread Group 1-9
2024-07-09 16:13:07,170 INFO o.a.j.t.JMeterThread: Thread finished: Thread Group 1-9
2024-07-09 16:13:07,547 INFO o.a.j.t.JMeterThread: Thread is done: Thread Group 1-10
2024-07-09 16:13:07,547 INFO o.a.j.t.JMeterThread: Thread finished: Thread Group 1-10
2024-07-09 16:13:08,115 INFO o.a.j.t.JMeterThread: Thread is done: Thread Group 1-7
2024-07-09 16:13:08,115 INFO o.a.j.t.JMeterThread: Thread finished: Thread Group 1-7
2024-07-09 16:13:08,116 INFO o.a.j.e.StandardJMeterEngine: Notifying test listeners of end of test
2024-07-09 16:13:08,116 INFO o.a.j.g.u.JMeterMenuBar: setRunning(false, *local*)
2024-07-09 16:13:20,139 INFO o.a.j.g.a.Load: Loading file: C:\Users\muhame1\Documents\JMeter Set up\apache-jmeter-5.6.3\bin\Users.jmx
2024-07-09 16:13:20,140 INFO o.a.j.s.FileServer: Set new base='C:\Users\muhame1\Documents\JMeter Set up\apache-jmeter-5.6.3\bin'
2024-07-09 16:13:20,140 INFO o.a.j.s.SaveService: Loading file: C:\Users\muhame1\Documents\JMeter Set up\apache-jmeter-5.6.3\bin\Users.jmx
2024-07-09 16:13:20,201 INFO o.a.j.s.FileServer: Set new base='C:\Users\muhame1\Documents\JMeter Set up\apache-jmeter-5.6.3\bin'
2024-07-09 16:13:41,406 INFO o.a.j.g.a.Load: Loading file: C:\Users\muhame1\Documents\JMeter Set up\apache-jmeter-5.6.3\bin\APITEST.jmx
2024-07-09 16:13:41,406 INFO o.a.j.s.FileServer: Set new base='C:\Users\muhame1\Documents\JMeter Set up\apache-jmeter-5.6.3\bin'
2024-07-09 16:13:41,406 INFO o.a.j.s.SaveService: Loading file: C:\Users\muhame1\Documents\JMeter Set up\apache-jmeter-5.6.3\bin\APITEST.jmx
2024-07-09 16:13:41,455 INFO o.a.j.s.FileServer: Set new base='C:\Users\muhame1\Documents\JMeter Set up\apache-jmeter-5.6.3\bin'
2024-07-09 16:17:37,703 INFO o.a.j.e.StandardJMeterEngine: Running the test!
2024-07-09 16:17:37,703 INFO o.a.j.s.SampleEvent: List of sample_variables: []
2024-07-09 16:17:37,704 INFO o.a.j.g.u.JMeterMenuBar: setRunning(true, *local*)
2024-07-09 16:17:37,808 INFO o.a.j.e.StandardJMeterEngine: Starting ThreadGroup: 1 : Thread Group
2024-07-09 16:17:37,808 INFO o.a.j.e.StandardJMeterEngine: Starting 10 threads for group Thread Group.
2024-07-09 16:17:37,808 INFO o.a.j.e.StandardJMeterEngine: Thread will continue on error
2024-07-09 16:17:37,808 INFO o.a.j.t.ThreadGroup: Starting thread group... number=1 threads=10 ramp-up=1 delayedStart=false
2024-07-09 16:17:37,809 INFO o.a.j.t.JMeterThread: Thread started: Thread Group 1-1
2024-07-09 16:17:37,810 INFO o.a.j.t.ThreadGroup: Started thread group number 1
2024-07-09 16:17:37,810 INFO o.a.j.e.StandardJMeterEngine: All thread groups have been started
2024-07-09 16:17:37,915 INFO o.a.j.t.JMeterThread: Thread started: Thread Group 1-2
2024-07-09 16:17:38,022 INFO o.a.j.t.JMeterThread: Thread started: Thread Group 1-3
2024-07-09 16:17:38,108 INFO o.a.j.t.JMeterThread: Thread started: Thread Group 1-4
2024-07-09 16:17:38,208 INFO o.a.j.t.JMeterThread: Thread started: Thread Group 1-5
2024-07-09 16:17:38,309 INFO o.a.j.t.JMeterThread: Thread started: Thread Group 1-6
2024-07-09 16:17:38,410 INFO o.a.j.t.JMeterThread: Thread started: Thread Group 1-7
2024-07-09 16:17:38,421 INFO o.a.j.t.JMeterThread: Thread is done: Thread Group 1-2
2024-07-09 16:17:38,421 INFO o.a.j.t.JMeterThread: Thread finished: Thread Group 1-2
2024-07-09 16:17:38,421 INFO o.a.j.t.JMeterThread: Thread is done: Thread Group 1-1
2024-07-09 16:17:38,421 INFO o.a.j.t.JMeterThread: Thread finished: Thread Group 1-1
2024-07-09 16:17:38,482 INFO o.a.j.t.JMeterThread: Thread is done: Thread Group 1-3
2024-07-09 16:17:38,482 INFO o.a.j.t.JMeterThread: Thread finished: Thread Group 1-3
2024-07-09 16:17:38,512 INFO o.a.j.t.JMeterThread: Thread started: Thread Group 1-8
2024-07-09 16:17:38,534 INFO o.a.j.t.JMeterThread: Thread is done: Thread Group 1-4
2024-07-09 16:17:38,534 INFO o.a.j.t.JMeterThread: Thread finished: Thread Group 1-4
2024-07-09 16:17:38,609 INFO o.a.j.t.JMeterThread: Thread started: Thread Group 1-9
2024-07-09 16:17:38,709 INFO o.a.j.t.JMeterThread: Thread started: Thread Group 1-10
2024-07-09 16:17:39,027 INFO o.a.j.t.JMeterThread: Thread is done: Thread Group 1-7
2024-07-09 16:17:39,027 INFO o.a.j.t.JMeterThread: Thread finished: Thread Group 1-7
2024-07-09 16:17:39,082 INFO o.a.j.t.JMeterThread: Thread is done: Thread Group 1-8
2024-07-09 16:17:39,082 INFO o.a.j.t.JMeterThread: Thread finished: Thread Group 1-8
2024-07-09 16:17:39,128 INFO o.a.j.t.JMeterThread: Thread is done: Thread Group 1-9
2024-07-09 16:17:39,128 INFO o.a.j.t.JMeterThread: Thread finished: Thread Group 1-9
2024-07-09 16:17:39,200 INFO o.a.j.t.JMeterThread: Thread is done: Thread Group 1-10
2024-07-09 16:17:39,200 INFO o.a.j.t.JMeterThread: Thread finished: Thread Group 1-10
2024-07-09 16:17:39,590 INFO o.a.j.t.JMeterThread: Thread is done: Thread Group 1-5
2024-07-09 16:17:39,590 INFO o.a.j.t.JMeterThread: Thread finished: Thread Group 1-5
2024-07-09 16:17:40,195 INFO o.a.j.t.JMeterThread: Thread is done: Thread Group 1-6
2024-07-09 16:17:40,195 INFO o.a.j.t.JMeterThread: Thread finished: Thread Group 1-6
2024-07-09 16:17:40,196 INFO o.a.j.e.StandardJMeterEngine: Notifying test listeners of end of test
2024-07-09 16:17:40,196 INFO o.a.j.g.u.JMeterMenuBar: setRunning(false, *local*)
2024-07-09 16:19:04,290 INFO o.a.j.g.a.Load: Loading file: C:\Users\muhame1\Documents\JMeter Set up\apache-jmeter-5.6.3\bin\JmeterRESTAPI.jmx
2024-07-09 16:19:04,290 INFO o.a.j.s.FileServer: Set new base='C:\Users\muhame1\Documents\JMeter Set up\apache-jmeter-5.6.3\bin'
2024-07-09 16:19:04,290 INFO o.a.j.s.SaveService: Loading file: C:\Users\muhame1\Documents\JMeter Set up\apache-jmeter-5.6.3\bin\JmeterRESTAPI.jmx
2024-07-09 16:19:04,353 INFO o.a.j.s.FileServer: Set new base='C:\Users\muhame1\Documents\JMeter Set up\apache-jmeter-5.6.3\bin'
2024-07-09 16:20:54,098 INFO o.a.j.g.a.Load: Loading file: C:\Users\muhame1\Documents\JMeter Set up\apache-jmeter-5.6.3\bin\SOAP_API.jmx
2024-07-09 16:20:54,098 INFO o.a.j.s.FileServer: Set new base='C:\Users\muhame1\Documents\JMeter Set up\apache-jmeter-5.6.3\bin'
2024-07-09 16:20:54,098 INFO o.a.j.s.SaveService: Loading file: C:\Users\muhame1\Documents\JMeter Set up\apache-jmeter-5.6.3\bin\SOAP_API.jmx
2024-07-09 16:20:54,182 INFO o.a.j.s.FileServer: Set new base='C:\Users\muhame1\Documents\JMeter Set up\apache-jmeter-5.6.3\bin'
2024-07-09 16:37:57,027 INFO o.a.j.g.a.Load: Loading file: C:\Users\muhame1\Documents\JMeter Set up\apache-jmeter-5.6.3\bin\APITEST.jmx
2024-07-09 16:37:57,027 INFO o.a.j.s.FileServer: Set new base='C:\Users\muhame1\Documents\JMeter Set up\apache-jmeter-5.6.3\bin'
2024-07-09 16:37:57,027 INFO o.a.j.s.SaveService: Loading file: C:\Users\muhame1\Documents\JMeter Set up\apache-jmeter-5.6.3\bin\APITEST.jmx
2024-07-09 16:37:57,073 INFO o.a.j.s.FileServer: Set new base='C:\Users\muhame1\Documents\JMeter Set up\apache-jmeter-5.6.3\bin'
2024-07-09 16:38:11,264 INFO o.a.j.e.StandardJMeterEngine: Running the test!
2024-07-09 16:38:11,265 INFO o.a.j.s.SampleEvent: List of sample_variables: []
2024-07-09 16:38:11,265 INFO o.a.j.g.u.JMeterMenuBar: setRunning(true, *local*)
2024-07-09 16:38:11,273 INFO o.a.j.e.StandardJMeterEngine: Starting ThreadGroup: 1 : Thread Group
2024-07-09 16:38:11,273 INFO o.a.j.e.StandardJMeterEngine: Starting 10 threads for group Thread Group.
2024-07-09 16:38:11,274 INFO o.a.j.e.StandardJMeterEngine: Thread will continue on error
2024-07-09 16:38:11,274 INFO o.a.j.t.ThreadGroup: Starting thread group... number=1 threads=10 ramp-up=1 delayedStart=false
2024-07-09 16:38:11,277 INFO o.a.j.t.JMeterThread: Thread started: Thread Group 1-1
2024-07-09 16:38:11,281 INFO o.a.j.t.ThreadGroup: Started thread group number 1
2024-07-09 16:38:11,281 INFO o.a.j.e.StandardJMeterEngine: All thread groups have been started
2024-07-09 16:38:11,376 INFO o.a.j.t.JMeterThread: Thread started: Thread Group 1-2
2024-07-09 16:38:11,475 INFO o.a.j.t.JMeterThread: Thread started: Thread Group 1-3
2024-07-09 16:38:11,577 INFO o.a.j.t.JMeterThread: Thread started: Thread Group 1-4
2024-07-09 16:38:11,678 INFO o.a.j.t.JMeterThread: Thread started: Thread Group 1-5
2024-07-09 16:38:11,776 INFO o.a.j.t.JMeterThread: Thread started: Thread Group 1-6
2024-07-09 16:38:11,876 INFO o.a.j.t.JMeterThread: Thread started: Thread Group 1-7
2024-07-09 16:38:11,975 INFO o.a.j.t.JMeterThread: Thread started: Thread Group 1-8
2024-07-09 16:38:12,051 INFO o.a.j.t.JMeterThread: Thread is done: Thread Group 1-1
2024-07-09 16:38:12,053 INFO o.a.j.t.JMeterThread: Thread finished: Thread Group 1-1
2024-07-09 16:38:12,075 INFO o.a.j.t.JMeterThread: Thread started: Thread Group 1-9
2024-07-09 16:38:12,172 INFO o.a.j.t.JMeterThread: Thread is done: Thread Group 1-2
2024-07-09 16:38:12,172 INFO o.a.j.t.JMeterThread: Thread finished: Thread Group 1-2
2024-07-09 16:38:12,175 INFO o.a.j.t.JMeterThread: Thread started: Thread Group 1-10
2024-07-09 16:38:12,191 INFO o.a.j.t.JMeterThread: Thread is done: Thread Group 1-3
2024-07-09 16:38:12,191 INFO o.a.j.t.JMeterThread: Thread finished: Thread Group 1-3
2024-07-09 16:38:12,468 INFO o.a.j.t.JMeterThread: Thread is done: Thread Group 1-4
2024-07-09 16:38:12,468 INFO o.a.j.t.JMeterThread: Thread finished: Thread Group 1-4
2024-07-09 16:38:12,604 INFO o.a.j.t.JMeterThread: Thread is done: Thread Group 1-5
2024-07-09 16:38:12,604 INFO o.a.j.t.JMeterThread: Thread finished: Thread Group 1-5
2024-07-09 16:38:12,807 INFO o.a.j.t.JMeterThread: Thread is done: Thread Group 1-6
2024-07-09 16:38:12,807 INFO o.a.j.t.JMeterThread: Thread finished: Thread Group 1-6
2024-07-09 16:38:12,943 INFO o.a.j.t.JMeterThread: Thread is done: Thread Group 1-7
2024-07-09 16:38:12,944 INFO o.a.j.t.JMeterThread: Thread finished: Thread Group 1-7
2024-07-09 16:38:13,059 INFO o.a.j.t.JMeterThread: Thread is done: Thread Group 1-8
2024-07-09 16:38:13,059 INFO o.a.j.t.JMeterThread: Thread finished: Thread Group 1-8
2024-07-09 16:38:13,110 INFO o.a.j.t.JMeterThread: Thread is done: Thread Group 1-9
2024-07-09 16:38:13,110 INFO o.a.j.t.JMeterThread: Thread finished: Thread Group 1-9
2024-07-09 16:38:13,215 INFO o.a.j.t.JMeterThread: Thread is done: Thread Group 1-10
2024-07-09 16:38:13,215 INFO o.a.j.t.JMeterThread: Thread finished: Thread Group 1-10
2024-07-09 16:38:13,215 INFO o.a.j.e.StandardJMeterEngine: Notifying test listeners of end of test
2024-07-09 16:38:13,215 INFO o.a.j.g.u.JMeterMenuBar: setRunning(false, *local*)
2024-07-09 16:38:23,562 INFO o.a.j.g.a.Load: Loading file: C:\Users\muhame1\Documents\JMeter Set up\apache-jmeter-5.6.3\bin\JmeterRESTAPI.jmx
2024-07-09 16:38:23,562 INFO o.a.j.s.FileServer: Set new base='C:\Users\muhame1\Documents\JMeter Set up\apache-jmeter-5.6.3\bin'
2024-07-09 16:38:23,562 INFO o.a.j.s.SaveService: Loading file: C:\Users\muhame1\Documents\JMeter Set up\apache-jmeter-5.6.3\bin\JmeterRESTAPI.jmx
2024-07-09 16:38:23,606 INFO o.a.j.s.FileServer: Set new base='C:\Users\muhame1\Documents\JMeter Set up\apache-jmeter-5.6.3\bin'
2024-07-09 16:38:37,486 INFO o.a.j.e.StandardJMeterEngine: Running the test!
2024-07-09 16:38:37,486 INFO o.a.j.s.SampleEvent: List of sample_variables: []
2024-07-09 16:38:37,486 INFO o.a.j.g.u.JMeterMenuBar: setRunning(true, *local*)
2024-07-09 16:38:37,592 INFO o.a.j.e.StandardJMeterEngine: Starting ThreadGroup: 1 : Thread Group
2024-07-09 16:38:37,592 INFO o.a.j.e.StandardJMeterEngine: Starting 1 threads for group Thread Group.
2024-07-09 16:38:37,593 INFO o.a.j.e.StandardJMeterEngine: Thread will continue on error
2024-07-09 16:38:37,593 INFO o.a.j.t.ThreadGroup: Starting thread group... number=1 threads=1 ramp-up=1 delayedStart=false
2024-07-09 16:38:37,593 INFO o.a.j.t.ThreadGroup: Started thread group number 1
2024-07-09 16:38:37,593 INFO o.a.j.e.StandardJMeterEngine: All thread groups have been started
2024-07-09 16:38:37,593 INFO o.a.j.t.JMeterThread: Thread started: Thread Group 1-1
2024-07-09 16:38:38,224 INFO o.a.j.t.JMeterThread: Thread is done: Thread Group 1-1
2024-07-09 16:38:38,224 INFO o.a.j.t.JMeterThread: Thread finished: Thread Group 1-1
2024-07-09 16:38:38,225 INFO o.a.j.e.StandardJMeterEngine: Notifying test listeners of end of test
2024-07-09 16:38:38,225 INFO o.a.j.g.u.JMeterMenuBar: setRunning(false, *local*)
2024-07-09 16:38:52,985 INFO o.a.j.g.a.Load: Loading file: C:\Users\muhame1\Documents\JMeter Set up\apache-jmeter-5.6.3\bin\APITEST.jmx
2024-07-09 16:38:52,985 INFO o.a.j.s.FileServer: Set new base='C:\Users\muhame1\Documents\JMeter Set up\apache-jmeter-5.6.3\bin'
2024-07-09 16:38:52,985 INFO o.a.j.s.SaveService: Loading file: C:\Users\muhame1\Documents\JMeter Set up\apache-jmeter-5.6.3\bin\APITEST.jmx
2024-07-09 16:38:53,027 INFO o.a.j.s.FileServer: Set new base='C:\Users\muhame1\Documents\JMeter Set up\apache-jmeter-5.6.3\bin'
2024-07-09 16:54:41,414 INFO o.a.j.g.a.Load: Loading file: C:\Users\muhame1\Documents\JMeter Set up\apache-jmeter-5.6.3\bin\APITEST.jmx
2024-07-09 16:54:41,414 INFO o.a.j.s.FileServer: Set new base='C:\Users\muhame1\Documents\JMeter Set up\apache-jmeter-5.6.3\bin'
2024-07-09 16:54:41,414 INFO o.a.j.s.SaveService: Loading file: C:\Users\muhame1\Documents\JMeter Set up\apache-jmeter-5.6.3\bin\APITEST.jmx
2024-07-09 16:54:41,484 INFO o.a.j.s.FileServer: Set new base='C:\Users\muhame1\Documents\JMeter Set up\apache-jmeter-5.6.3\bin'
2024-07-09 16:55:11,547 INFO o.a.j.g.a.Load: Loading file: C:\Users\muhame1\Documents\JMeter Set up\apache-jmeter-5.6.3\bin\JmeterRESTAPI.jmx
2024-07-09 16:55:11,547 INFO o.a.j.s.FileServer: Set new base='C:\Users\muhame1\Documents\JMeter Set up\apache-jmeter-5.6.3\bin'
2024-07-09 16:55:11,547 INFO o.a.j.s.SaveService: Loading file: C:\Users\muhame1\Documents\JMeter Set up\apache-jmeter-5.6.3\bin\JmeterRESTAPI.jmx
2024-07-09 16:55:11,601 INFO o.a.j.s.FileServer: Set new base='C:\Users\muhame1\Documents\JMeter Set up\apache-jmeter-5.6.3\bin'
2024-07-09 16:55:39,833 INFO o.a.j.g.a.Load: Loading file: C:\Users\muhame1\Documents\JMeter Set up\apache-jmeter-5.6.3\bin\SOAP_API.jmx
2024-07-09 16:55:39,833 INFO o.a.j.s.FileServer: Set new base='C:\Users\muhame1\Documents\JMeter Set up\apache-jmeter-5.6.3\bin'
2024-07-09 16:55:39,833 INFO o.a.j.s.SaveService: Loading file: C:\Users\muhame1\Documents\JMeter Set up\apache-jmeter-5.6.3\bin\SOAP_API.jmx
2024-07-09 16:55:39,949 INFO o.a.j.s.FileServer: Set new base='C:\Users\muhame1\Documents\JMeter Set up\apache-jmeter-5.6.3\bin'
2024-07-09 16:56:18,701 INFO o.a.j.g.a.Load: Loading file: C:\Users\muhame1\Documents\JMeter Set up\apache-jmeter-5.6.3\bin\Users.jmx
2024-07-09 16:56:18,701 INFO o.a.j.s.FileServer: Set new base='C:\Users\muhame1\Documents\JMeter Set up\apache-jmeter-5.6.3\bin'
2024-07-09 16:56:18,701 INFO o.a.j.s.SaveService: Loading file: C:\Users\muhame1\Documents\JMeter Set up\apache-jmeter-5.6.3\bin\Users.jmx
2024-07-09 16:56:18,739 INFO o.a.j.s.FileServer: Set new base='C:\Users\muhame1\Documents\JMeter Set up\apache-jmeter-5.6.3\bin'
2024-07-10 11:05:21,383 INFO o.a.j.g.a.Load: Loading file: C:\Users\muhame1\Documents\JMeter Set up\apache-jmeter-5.6.3\bin\JmeterRESTAPI.jmx
2024-07-10 11:05:21,388 INFO o.a.j.s.FileServer: Set new base='C:\Users\muhame1\Documents\JMeter Set up\apache-jmeter-5.6.3\bin'
2024-07-10 11:05:21,388 INFO o.a.j.s.SaveService: Loading file: C:\Users\muhame1\Documents\JMeter Set up\apache-jmeter-5.6.3\bin\JmeterRESTAPI.jmx
2024-07-10 11:05:21,572 INFO o.a.j.s.FileServer: Set new base='C:\Users\muhame1\Documents\JMeter Set up\apache-jmeter-5.6.3\bin'
2024-07-10 11:05:32,004 INFO o.a.j.e.StandardJMeterEngine: Running the test!
2024-07-10 11:05:32,005 INFO o.a.j.s.SampleEvent: List of sample_variables: []
2024-07-10 11:05:32,007 INFO o.a.j.g.u.JMeterMenuBar: setRunning(true, *local*)
2024-07-10 11:05:32,508 INFO o.a.j.e.StandardJMeterEngine: Starting ThreadGroup: 1 : Thread Group
2024-07-10 11:05:32,509 INFO o.a.j.e.StandardJMeterEngine: Starting 1 threads for group Thread Group.
2024-07-10 11:05:32,509 INFO o.a.j.e.StandardJMeterEngine: Thread will continue on error
2024-07-10 11:05:32,509 INFO o.a.j.t.ThreadGroup: Starting thread group... number=1 threads=1 ramp-up=1 delayedStart=false
2024-07-10 11:05:32,509 INFO o.a.j.t.ThreadGroup: Started thread group number 1
2024-07-10 11:05:32,509 INFO o.a.j.e.StandardJMeterEngine: All thread groups have been started
2024-07-10 11:05:32,510 INFO o.a.j.t.JMeterThread: Thread started: Thread Group 1-1
2024-07-10 11:05:33,215 INFO o.a.j.t.JMeterThread: Thread is done: Thread Group 1-1
2024-07-10 11:05:33,215 INFO o.a.j.t.JMeterThread: Thread finished: Thread Group 1-1
2024-07-10 11:05:33,216 INFO o.a.j.e.StandardJMeterEngine: Notifying test listeners of end of test
2024-07-10 11:05:33,216 INFO o.a.j.g.u.JMeterMenuBar: setRunning(false, *local*)
2024-07-10 11:22:36,338 INFO o.a.j.s.FileServer: Set new base='C:\Users\muhame1\Documents\JMeter Set up\apache-jmeter-5.6.3\bin'
2024-07-10 11:22:54,016 INFO o.a.j.e.StandardJMeterEngine: Running the test!
2024-07-10 11:22:54,016 INFO o.a.j.s.SampleEvent: List of sample_variables: []
2024-07-10 11:22:54,016 INFO o.a.j.g.u.JMeterMenuBar: setRunning(true, *local*)
2024-07-10 11:22:54,147 INFO o.a.j.e.StandardJMeterEngine: Starting ThreadGroup: 1 : Thread Group
2024-07-10 11:22:54,147 INFO o.a.j.e.StandardJMeterEngine: Starting 1 threads for group Thread Group.
2024-07-10 11:22:54,147 INFO o.a.j.e.StandardJMeterEngine: Thread will continue on error
2024-07-10 11:22:54,148 INFO o.a.j.t.ThreadGroup: Starting thread group... number=1 threads=1 ramp-up=1 delayedStart=false
2024-07-10 11:22:54,148 INFO o.a.j.t.ThreadGroup: Started thread group number 1
2024-07-10 11:22:54,148 INFO o.a.j.e.StandardJMeterEngine: All thread groups have been started
2024-07-10 11:22:54,148 INFO o.a.j.t.JMeterThread: Thread started: Thread Group 1-1
2024-07-10 11:22:54,281 INFO o.a.j.t.JMeterThread: Thread is done: Thread Group 1-1
2024-07-10 11:22:54,281 INFO o.a.j.t.JMeterThread: Thread finished: Thread Group 1-1
2024-07-10 11:22:54,281 INFO o.a.j.e.StandardJMeterEngine: Notifying test listeners of end of test
2024-07-10 11:22:54,281 INFO o.a.j.g.u.JMeterMenuBar: setRunning(false, *local*)
2024-07-10 14:25:34,763 INFO o.a.j.e.StandardJMeterEngine: Running the test!
2024-07-10 14:25:34,765 INFO o.a.j.s.SampleEvent: List of sample_variables: []
2024-07-10 14:25:34,766 INFO o.a.j.g.u.JMeterMenuBar: setRunning(true, *local*)
2024-07-10 14:25:35,557 INFO o.a.j.e.StandardJMeterEngine: Starting ThreadGroup: 1 : Thread Group
2024-07-10 14:25:35,557 INFO o.a.j.e.StandardJMeterEngine: Starting 1 threads for group Thread Group.
2024-07-10 14:25:35,557 INFO o.a.j.e.StandardJMeterEngine: Thread will continue on error
2024-07-10 14:25:35,557 INFO o.a.j.t.ThreadGroup: Starting thread group... number=1 threads=1 ramp-up=1 delayedStart=false
2024-07-10 14:25:35,557 INFO o.a.j.t.ThreadGroup: Started thread group number 1
2024-07-10 14:25:35,557 INFO o.a.j.e.StandardJMeterEngine: All thread groups have been started
2024-07-10 14:25:35,558 INFO o.a.j.t.JMeterThread: Thread started: Thread Group 1-1
2024-07-10 14:25:35,701 INFO o.a.j.t.JMeterThread: Thread is done: Thread Group 1-1
2024-07-10 14:25:35,701 INFO o.a.j.t.JMeterThread: Thread finished: Thread Group 1-1
2024-07-10 14:25:35,701 INFO o.a.j.e.StandardJMeterEngine: Notifying test listeners of end of test
2024-07-10 14:25:35,701 INFO o.a.j.g.u.JMeterMenuBar: setRunning(false, *local*)
2024-07-10 14:52:13,049 INFO o.a.j.e.StandardJMeterEngine: Running the test!
2024-07-10 14:52:13,050 INFO o.a.j.s.SampleEvent: List of sample_variables: []
2024-07-10 14:52:13,050 INFO o.a.j.g.u.JMeterMenuBar: setRunning(true, *local*)
2024-07-10 14:52:13,177 INFO o.a.j.e.StandardJMeterEngine: Starting ThreadGroup: 1 : Thread Group
2024-07-10 14:52:13,178 INFO o.a.j.e.StandardJMeterEngine: Starting 1 threads for group Thread Group.
2024-07-10 14:52:13,178 INFO o.a.j.e.StandardJMeterEngine: Thread will continue on error
2024-07-10 14:52:13,178 INFO o.a.j.t.ThreadGroup: Starting thread group... number=1 threads=1 ramp-up=1 delayedStart=false
2024-07-10 14:52:13,178 INFO o.a.j.t.ThreadGroup: Started thread group number 1
2024-07-10 14:52:13,178 INFO o.a.j.e.StandardJMeterEngine: All thread groups have been started
2024-07-10 14:52:13,178 INFO o.a.j.t.JMeterThread: Thread started: Thread Group 1-1
2024-07-10 14:52:13,409 INFO o.a.j.t.JMeterThread: Thread is done: Thread Group 1-1
2024-07-10 14:52:13,409 INFO o.a.j.t.JMeterThread: Thread finished: Thread Group 1-1
2024-07-10 14:52:13,410 INFO o.a.j.e.StandardJMeterEngine: Notifying test listeners of end of test
2024-07-10 14:52:13,410 INFO o.a.j.g.u.JMeterMenuBar: setRunning(false, *local*)
2024-07-10 14:53:08,811 INFO o.a.j.e.StandardJMeterEngine: Running the test!
2024-07-10 14:53:08,811 INFO o.a.j.s.SampleEvent: List of sample_variables: []
2024-07-10 14:53:08,811 INFO o.a.j.g.u.JMeterMenuBar: setRunning(true, *local*)
2024-07-10 14:53:08,909 INFO o.a.j.e.StandardJMeterEngine: Starting ThreadGroup: 1 : Thread Group
2024-07-10 14:53:08,909 INFO o.a.j.e.StandardJMeterEngine: Starting 1 threads for group Thread Group.
2024-07-10 14:53:08,909 INFO o.a.j.e.StandardJMeterEngine: Thread will continue on error
2024-07-10 14:53:08,909 INFO o.a.j.t.ThreadGroup: Starting thread group... number=1 threads=1 ramp-up=1 delayedStart=false
2024-07-10 14:53:08,909 INFO o.a.j.t.ThreadGroup: Started thread group number 1
2024-07-10 14:53:08,910 INFO o.a.j.e.StandardJMeterEngine: All thread groups have been started
2024-07-10 14:53:08,910 INFO o.a.j.t.JMeterThread: Thread started: Thread Group 1-1
2024-07-10 14:53:09,113 INFO o.a.j.t.JMeterThread: Thread is done: Thread Group 1-1
2024-07-10 14:53:09,113 INFO o.a.j.t.JMeterThread: Thread finished: Thread Group 1-1
2024-07-10 14:53:09,113 INFO o.a.j.e.StandardJMeterEngine: Notifying test listeners of end of test
2024-07-10 14:53:09,114 INFO o.a.j.g.u.JMeterMenuBar: setRunning(false, *local*)
2024-07-10 14:56:55,041 INFO o.a.j.e.StandardJMeterEngine: Running the test!
2024-07-10 14:56:55,042 INFO o.a.j.s.SampleEvent: List of sample_variables: []
2024-07-10 14:56:55,042 INFO o.a.j.g.u.JMeterMenuBar: setRunning(true, *local*)
2024-07-10 14:56:55,142 INFO o.a.j.e.StandardJMeterEngine: Starting ThreadGroup: 1 : Thread Group
2024-07-10 14:56:55,142 INFO o.a.j.e.StandardJMeterEngine: Starting 1 threads for group Thread Group.
2024-07-10 14:56:55,142 INFO o.a.j.e.StandardJMeterEngine: Thread will continue on error
2024-07-10 14:56:55,142 INFO o.a.j.t.ThreadGroup: Starting thread group... number=1 threads=1 ramp-up=1 delayedStart=false
2024-07-10 14:56:55,142 INFO o.a.j.t.ThreadGroup: Started thread group number 1
2024-07-10 14:56:55,143 INFO o.a.j.e.StandardJMeterEngine: All thread groups have been started
2024-07-10 14:56:55,143 INFO o.a.j.t.JMeterThread: Thread started: Thread Group 1-1
2024-07-10 14:56:55,346 INFO o.a.j.t.JMeterThread: Thread is done: Thread Group 1-1
2024-07-10 14:56:55,346 INFO o.a.j.t.JMeterThread: Thread finished: Thread Group 1-1
2024-07-10 14:56:55,346 INFO o.a.j.e.StandardJMeterEngine: Notifying test listeners of end of test
2024-07-10 14:56:55,346 INFO o.a.j.g.u.JMeterMenuBar: setRunning(false, *local*)
2024-07-10 15:30:01,424 INFO o.a.j.e.StandardJMeterEngine: Running the test!
2024-07-10 15:30:01,424 INFO o.a.j.s.SampleEvent: List of sample_variables: []
2024-07-10 15:30:01,424 INFO o.a.j.g.u.JMeterMenuBar: setRunning(true, *local*)
2024-07-10 15:30:01,546 INFO o.a.j.e.StandardJMeterEngine: Starting ThreadGroup: 1 : Thread Group
2024-07-10 15:30:01,546 INFO o.a.j.e.StandardJMeterEngine: Starting 1 threads for group Thread Group.
2024-07-10 15:30:01,546 INFO o.a.j.e.StandardJMeterEngine: Thread will continue on error
2024-07-10 15:30:01,546 INFO o.a.j.t.ThreadGroup: Starting thread group... number=1 threads=1 ramp-up=1 delayedStart=false
2024-07-10 15:30:01,546 INFO o.a.j.t.ThreadGroup: Started thread group number 1
2024-07-10 15:30:01,546 INFO o.a.j.e.StandardJMeterEngine: All thread groups have been started
2024-07-10 15:30:01,547 INFO o.a.j.t.JMeterThread: Thread started: Thread Group 1-1
2024-07-10 15:30:01,760 INFO o.a.j.t.JMeterThread: Thread is done: Thread Group 1-1
2024-07-10 15:30:01,760 INFO o.a.j.t.JMeterThread: Thread finished: Thread Group 1-1
2024-07-10 15:30:01,761 INFO o.a.j.e.StandardJMeterEngine: Notifying test listeners of end of test
2024-07-10 15:30:01,761 INFO o.a.j.g.u.JMeterMenuBar: setRunning(false, *local*)
2024-07-10 15:32:25,626 INFO o.a.j.e.StandardJMeterEngine: Running the test!
2024-07-10 15:32:25,627 INFO o.a.j.s.SampleEvent: List of sample_variables: []
2024-07-10 15:32:25,627 INFO o.a.j.g.u.JMeterMenuBar: setRunning(true, *local*)
2024-07-10 15:32:25,733 INFO o.a.j.e.StandardJMeterEngine: Starting ThreadGroup: 1 : Thread Group
2024-07-10 15:32:25,733 INFO o.a.j.e.StandardJMeterEngine: Starting 1 threads for group Thread Group.
2024-07-10 15:32:25,733 INFO o.a.j.e.StandardJMeterEngine: Thread will continue on error
2024-07-10 15:32:25,733 INFO o.a.j.t.ThreadGroup: Starting thread group... number=1 threads=1 ramp-up=1 delayedStart=false
2024-07-10 15:32:25,734 INFO o.a.j.t.ThreadGroup: Started thread group number 1
2024-07-10 15:32:25,734 INFO o.a.j.e.StandardJMeterEngine: All thread groups have been started
2024-07-10 15:32:25,734 INFO o.a.j.t.JMeterThread: Thread started: Thread Group 1-1
2024-07-10 15:32:25,735 INFO o.a.j.t.JMeterThread: Thread is done: Thread Group 1-1
2024-07-10 15:32:25,735 INFO o.a.j.t.JMeterThread: Thread finished: Thread Group 1-1
2024-07-10 15:32:25,736 INFO o.a.j.e.StandardJMeterEngine: Notifying test listeners of end of test
2024-07-10 15:32:25,736 INFO o.a.j.g.u.JMeterMenuBar: setRunning(false, *local*)
2024-07-10 15:32:46,154 INFO o.a.j.e.StandardJMeterEngine: Running the test!
2024-07-10 15:32:46,154 INFO o.a.j.s.SampleEvent: List of sample_variables: []
2024-07-10 15:32:46,155 INFO o.a.j.g.u.JMeterMenuBar: setRunning(true, *local*)
2024-07-10 15:32:46,242 INFO o.a.j.e.StandardJMeterEngine: Starting ThreadGroup: 1 : Thread Group
2024-07-10 15:32:46,242 INFO o.a.j.e.StandardJMeterEngine: Starting 1 threads for group Thread Group.
2024-07-10 15:32:46,242 INFO o.a.j.e.StandardJMeterEngine: Thread will continue on error
2024-07-10 15:32:46,242 INFO o.a.j.t.ThreadGroup: Starting thread group... number=1 threads=1 ramp-up=1 delayedStart=false
2024-07-10 15:32:46,242 INFO o.a.j.t.ThreadGroup: Started thread group number 1
2024-07-10 15:32:46,242 INFO o.a.j.e.StandardJMeterEngine: All thread groups have been started
2024-07-10 15:32:46,243 INFO o.a.j.t.JMeterThread: Thread started: Thread Group 1-1
2024-07-10 15:32:46,444 INFO o.a.j.t.JMeterThread: Thread is done: Thread Group 1-1
2024-07-10 15:32:46,444 INFO o.a.j.t.JMeterThread: Thread finished: Thread Group 1-1
2024-07-10 15:32:46,444 INFO o.a.j.e.StandardJMeterEngine: Notifying test listeners of end of test
2024-07-10 15:32:46,444 INFO o.a.j.g.u.JMeterMenuBar: setRunning(false, *local*)
